<?xml version="1.0" encoding="UTF-8"?>
<!-- Generated by org.testng.reporters.JUnitReportReporter -->
<testsuite hostname="sourabhdh-w7" name="com.test.AdminTest" tests="8" failures="0" timestamp="15 Feb 2017 13:24:31 GMT" time="238.978" errors="0">
  <testcase name="removeAdminRole" time="63.220" classname="com.test.AdminTest"/>
  <testcase name="addUserToGroup" time="13.537" classname="com.test.AdminTest"/>
  <testcase name="deleteGroup" time="37.157" classname="com.test.AdminTest"/>
  <testcase name="createResourceCategory" time="17.476" classname="com.test.AdminTest"/>
  <testcase name="create_edit_Resource" time="40.128" classname="com.test.AdminTest"/>
  <testcase name="editUserGroup" time="7.350" classname="com.test.AdminTest"/>
  <testcase name="createGroup" time="9.615" classname="com.test.AdminTest"/>
  <testcase name="addAdminRole" time="50.495" classname="com.test.AdminTest"/>
</testsuite> <!-- com.test.AdminTest -->
