<?xml version="1.0" encoding="UTF-8"?>
<!-- Generated by org.testng.reporters.JUnitReportReporter -->
<testsuite hostname="GYANALIPSUJ-w8" name="com.test.SuperAdminTest" tests="4" failures="0" timestamp="10 Feb 2017 14:32:53 GMT" time="145.428" errors="0">
  <testcase name="platformSettingPrivate" time="42.823" classname="com.test.SuperAdminTest"/>
  <testcase name="CommunitySwitcher" time="17.360" classname="com.test.SuperAdminTest"/>
  <testcase name="platformSettingPublicClose" time="40.104" classname="com.test.SuperAdminTest"/>
  <testcase name="siteEditorOn" time="45.141" classname="com.test.SuperAdminTest"/>
</testsuite> <!-- com.test.SuperAdminTest -->
