<?xml version="1.0" encoding="UTF-8"?>
<!-- Generated by org.testng.reporters.JUnitReportReporter -->
<testsuite hostname="sourabhdh-w7" name="com.ideator.common.AuthencationAutoIt" tests="1" failures="0" timestamp="3 Oct 2016 10:49:00 GMT" time="22.054" errors="0">
  <testcase name="test" time="22.054" classname="com.ideator.common.AuthencationAutoIt"/>
</testsuite> <!-- com.ideator.common.AuthencationAutoIt -->
