<?xml version="1.0" encoding="UTF-8"?>
<!-- Generated by org.testng.reporters.JUnitReportReporter -->
<testsuite hostname="sourabhdh-w7" name="com.ideator.common.Sample" tests="2" failures="0" timestamp="6 Jan 2017 10:31:14 GMT" time="1617.265" errors="0">
  <testcase name="find_multiple_hits_for_ng_repeat_in_page" time="0.198" classname="com.ideator.common.Sample"/>
  <testcase name="select_option" time="1617.067" classname="com.ideator.common.Sample"/>
</testsuite> <!-- com.ideator.common.Sample -->
