<?xml version="1.0" encoding="UTF-8"?>
<!-- Generated by org.testng.reporters.JUnitReportReporter -->
<testsuite hostname="sourabhdh-w7" name="com.test.PublicUser" tests="1" failures="0" timestamp="15 Feb 2017 14:00:37 GMT" time="32.971" errors="0">
  <testcase name="checkCommunitySwitcher" time="32.971" classname="com.test.PublicUser"/>
</testsuite> <!-- com.test.PublicUser -->
