<?xml version="1.0" encoding="UTF-8"?>
<!-- Generated by org.testng.reporters.JUnitReportReporter -->
<testsuite hostname="sourabhdh-w7" name="com.test.Test1" tests="1" failures="0" timestamp="31 Aug 2016 05:53:59 GMT" time="0.005" errors="0">
  <testcase name="Execute" time="0.005" classname="com.test.Test1"/>
</testsuite> <!-- com.test.Test1 -->
