<?xml version="1.0" encoding="UTF-8"?>
<!-- Generated by org.testng.reporters.JUnitReportReporter -->
<testsuite hostname="sourabhdh-w7" name="com.ideator.common.LocalProperties" tests="1" failures="0" timestamp="7 Sep 2016 08:33:12 GMT" time="24.226" errors="0">
  <testcase name="configRead" time="24.226" classname="com.ideator.common.LocalProperties"/>
</testsuite> <!-- com.ideator.common.LocalProperties -->
